<?xml version="1.0" encoding="UTF-8" ?>
<testsuite tests="20" failures="0" name="omilia.it.assignement.NaturalNumbersTest" time="0.074" errors="0" skipped="0">
  <properties>
[...]
</properties>
  <testcase classname="omilia.it.assignement.NaturalNumbersTest" name="testdeleteSpaceInvalid" time="0.017"/>
  <testcase classname="omilia.it.assignement.NaturalNumbersTest" name="testInvalidGreekNumber" time="0"/>
  <testcase classname="omilia.it.assignement.NaturalNumbersTest" name="testValidGreekNumber" time="0"/>
  <testcase classname="omilia.it.assignement.NaturalNumbersTest" name="testSanitizeTooMuchSpaces" time="0"/>
  <testcase classname="omilia.it.assignement.NaturalNumbersTest" name="testValidInput" time="0.003"/>
  <testcase classname="omilia.it.assignement.NaturalNumbersTest" name="testInValidInputTooMuchDigits" time="0.016"/>
  <testcase classname="omilia.it.assignement.NaturalNumbersTest" name="testInValidInputChar" time="0"/>
  <testcase classname="omilia.it.assignement.NaturalNumbersTest" name="testNotAmbiguousTenthToConcatenate" time="0"/>
  <testcase classname="omilia.it.assignement.NaturalNumbersTest" name="testAmbiguousTenthToConcatenate" time="0.001"/>
  <testcase classname="omilia.it.assignement.NaturalNumbersTest" name="testNotAmbiguousTenthToSplit" time="0.001"/>
  <testcase classname="omilia.it.assignement.NaturalNumbersTest" name="testAmbiguousTenthToSplit" time="0"/>
  <testcase classname="omilia.it.assignement.NaturalNumbersTest" name="testisAmbiguousHundred" time="0"/>
  <testcase classname="omilia.it.assignement.NaturalNumbersTest" name="testisAmbiguousHundredToConcatenate" time="0.001"/>
  <testcase classname="omilia.it.assignement.NaturalNumbersTest" name="testNotAmbiguousHundredToConcatenate" time="0.001"/>
  <testcase classname="omilia.it.assignement.NaturalNumbersTest" name="testisAmbiguousHundredToSplit" time="0.001"/>
  <testcase classname="omilia.it.assignement.NaturalNumbersTest" name="testNotAmbiguousHundredToSplit" time="0.001"/>
  <testcase classname="omilia.it.assignement.NaturalNumbersTest" name="testgetOutputValidNumber" time="0.013"/>
  <testcase classname="omilia.it.assignement.NaturalNumbersTest" name="testgetOutputInvalidNumber" time="0.001"/>
  <testcase classname="omilia.it.assignement.NaturalNumbersTest" name="testgenerateInterpretationsr" time="0.002"/>
  <testcase classname="omilia.it.assignement.NaturalNumbersTest" name="testgetInterpretationsTree" time="0.016"/>
</testsuite>